<?xml version="1.0" encoding="UTF-8"?>
<!-- Generated by org.testng.reporters.JUnitReportReporter -->
<testsuite skipped="0" hostname="DESKTOP-7E96029" name="testSelenium.TestSelenium" tests="1" failures="0" timestamp="2021-09-02T21:24:32 EEST" time="84.549" errors="0">
  <testcase name="firstTestSelenium" time="84.549" classname="testSelenium.TestSelenium"/>
  <system-out/>
</testsuite> <!-- testSelenium.TestSelenium -->
