<?xml version="1.0" encoding="UTF-8"?>
<!-- Generated by org.testng.reporters.JUnitReportReporter -->
<testsuite skipped="0" hostname="DESKTOP-7E96029" name="testSelenium.TestSelenium" tests="1" failures="0" timestamp="2021-08-24T21:05:59 EEST" time="22.731" errors="0">
  <testcase name="firstTestSelenium" time="22.731" classname="testSelenium.TestSelenium"/>
  <system-out/>
</testsuite> <!-- testSelenium.TestSelenium -->
